<?xml version="1.0" encoding="UTF-8"?>
<!-- Generated by org.testng.reporters.JUnitXMLReporter -->
<testsuite hostname="DESKTOP-QTN1F52" ignored="0" name="Test" tests="3" failures="0" timestamp="2020-09-29T19:33:16 IST" time="11.76" errors="0">
  <testcase name="postTest" time="4.294" classname="com.rest.automation.Basic2"/>
  <testcase name="addDelete" time="4.749" classname="com.rest.automation.AddandDelete"/>
  <testcase name="RestTestAuto" time="2.651" classname="com.rest.automation.Basic"/>
</testsuite> <!-- Test -->
