<?xml version="1.0" encoding="UTF-8"?>
<!-- Generated by org.testng.reporters.JUnitXMLReporter -->
<testsuite hostname="DESKTOP-QTN1F52" ignored="0" name="Test" tests="3" failures="0" timestamp="2020-09-30T17:51:20 IST" time="8.172" errors="0">
  <testcase name="postTest" time="3.785" classname="com.rest.automation.Basic2"/>
  <testcase name="addDelete" time="3.06" classname="com.rest.automation.AddandDelete"/>
  <testcase name="RestTestAuto" time="1.272" classname="com.rest.automation.Basic"/>
</testsuite> <!-- Test -->
