<?xml version="1.0" encoding="UTF-8"?>
<testng-results skipped="0" failed="0" ignored="0" total="3" passed="3">
  <reporter-output>
  </reporter-output>
  <suite name="Suite" duration-ms="8172" started-at="2020-09-30T17:51:12 IST" finished-at="2020-09-30T17:51:20 IST">
    <groups>
    </groups>
    <test name="Test" duration-ms="8172" started-at="2020-09-30T17:51:12 IST" finished-at="2020-09-30T17:51:20 IST">
      <class name="com.rest.automation.Basic">
        <test-method status="PASS" signature="setUp()[pri:0, instance:com.rest.automation.Basic@8f4ea7c]" name="setUp" is-config="true" duration-ms="0" started-at="2020-09-30T17:51:12 IST" finished-at="2020-09-30T17:51:12 IST">
          <reporter-output>
          </reporter-output>
        </test-method> <!-- setUp -->
        <test-method status="PASS" signature="RestTestAuto()[pri:0, instance:com.rest.automation.Basic@8f4ea7c]" name="RestTestAuto" duration-ms="1272" started-at="2020-09-30T17:51:19 IST" finished-at="2020-09-30T17:51:20 IST">
          <reporter-output>
          </reporter-output>
        </test-method> <!-- RestTestAuto -->
      </class> <!-- com.rest.automation.Basic -->
      <class name="com.rest.automation.AddandDelete">
        <test-method status="PASS" signature="setUp()[pri:0, instance:com.rest.automation.AddandDelete@223d2c72]" name="setUp" is-config="true" duration-ms="10" started-at="2020-09-30T17:51:12 IST" finished-at="2020-09-30T17:51:12 IST">
          <reporter-output>
          </reporter-output>
        </test-method> <!-- setUp -->
        <test-method status="PASS" signature="addDelete()[pri:0, instance:com.rest.automation.AddandDelete@223d2c72]" name="addDelete" duration-ms="3060" started-at="2020-09-30T17:51:16 IST" finished-at="2020-09-30T17:51:19 IST">
          <reporter-output>
          </reporter-output>
        </test-method> <!-- addDelete -->
      </class> <!-- com.rest.automation.AddandDelete -->
      <class name="com.rest.automation.Basic2">
        <test-method status="PASS" signature="baseSetup()[pri:0, instance:com.rest.automation.Basic2@36902638]" name="baseSetup" is-config="true" duration-ms="0" started-at="2020-09-30T17:51:12 IST" finished-at="2020-09-30T17:51:12 IST">
          <reporter-output>
          </reporter-output>
        </test-method> <!-- baseSetup -->
        <test-method status="PASS" signature="postTest()[pri:0, instance:com.rest.automation.Basic2@36902638]" name="postTest" duration-ms="3785" started-at="2020-09-30T17:51:12 IST" finished-at="2020-09-30T17:51:16 IST">
          <reporter-output>
          </reporter-output>
        </test-method> <!-- postTest -->
      </class> <!-- com.rest.automation.Basic2 -->
    </test> <!-- Test -->
  </suite> <!-- Suite -->
</testng-results>
