<?xml version="1.0" encoding="UTF-8"?>
<testng-results skipped="0" failed="0" ignored="0" total="1" passed="1">
  <reporter-output>
  </reporter-output>
  <suite name="Default suite" duration-ms="5967" started-at="2020-09-29T17:43:19 IST" finished-at="2020-09-29T17:43:25 IST">
    <groups>
    </groups>
    <test name="Default test" duration-ms="5967" started-at="2020-09-29T17:43:19 IST" finished-at="2020-09-29T17:43:25 IST">
      <class name="com.rest.automation.AddandDelete">
        <test-method status="PASS" signature="addDelete()[pri:0, instance:com.rest.automation.AddandDelete@27a5f880]" name="addDelete" duration-ms="5904" started-at="2020-09-29T17:43:19 IST" finished-at="2020-09-29T17:43:25 IST">
          <reporter-output>
          </reporter-output>
        </test-method> <!-- addDelete -->
      </class> <!-- com.rest.automation.AddandDelete -->
    </test> <!-- Default test -->
  </suite> <!-- Default suite -->
</testng-results>
