<?xml version="1.0" encoding="UTF-8"?>
<testng-results skipped="0" failed="0" ignored="0" total="1" passed="1">
  <reporter-output>
  </reporter-output>
  <suite name="Default suite" duration-ms="5748" started-at="2020-09-29T19:24:47 IST" finished-at="2020-09-29T19:24:52 IST">
    <groups>
    </groups>
    <test name="Default test" duration-ms="5748" started-at="2020-09-29T19:24:47 IST" finished-at="2020-09-29T19:24:52 IST">
      <class name="com.rest.automation.AddandDelete">
        <test-method status="PASS" signature="setUp()[pri:0, instance:com.rest.automation.AddandDelete@74650e52]" name="setUp" is-config="true" duration-ms="11" started-at="2020-09-29T19:24:47 IST" finished-at="2020-09-29T19:24:47 IST">
          <reporter-output>
          </reporter-output>
        </test-method> <!-- setUp -->
        <test-method status="PASS" signature="addDelete()[pri:0, instance:com.rest.automation.AddandDelete@74650e52]" name="addDelete" duration-ms="5704" started-at="2020-09-29T19:24:47 IST" finished-at="2020-09-29T19:24:52 IST">
          <reporter-output>
          </reporter-output>
        </test-method> <!-- addDelete -->
      </class> <!-- com.rest.automation.AddandDelete -->
    </test> <!-- Default test -->
  </suite> <!-- Default suite -->
</testng-results>
